SLF4J: Class path contains multiple SLF4J bindings.
SLF4J: Found binding in [jar:file:/Users/albertxavier/.m2/repository/org/slf4j/slf4j-simple/1.7.5/slf4j-simple-1.7.5.jar!/org/slf4j/impl/StaticLoggerBinder.class]
SLF4J: Found binding in [jar:file:/Users/albertxavier/.m2/repository/org/slf4j/slf4j-jdk14/1.7.7/slf4j-jdk14-1.7.7.jar!/org/slf4j/impl/StaticLoggerBinder.class]
SLF4J: See http://www.slf4j.org/codes.html#multiple_bindings for an explanation.
SLF4J: Actual binding is of type [org.slf4j.impl.SimpleLoggerFactory]
[main] INFO org.eclipse.jetty.util.log - Logging initialized @632ms
Picking up existing exploded jenkins.war at /Users/albertxavier/workspace/azure-oauth-plugin/target/jenkins-for-test
[main] WARN org.eclipse.jetty.server.handler.ContextHandler - Empty contextPath
[main] INFO org.eclipse.jetty.server.Server - jetty-9.2.15.v20160210
[main] INFO org.eclipse.jetty.webapp.StandardDescriptorProcessor - NO JSP Support for /, did not find org.eclipse.jetty.jsp.JettyJspServlet
[main] INFO org.eclipse.jetty.server.handler.ContextHandler - Started o.e.j.w.WebAppContext@6631cb64{/,file:/Users/albertxavier/workspace/azure-oauth-plugin/target/jenkins-for-test/,AVAILABLE}{/Users/albertxavier/workspace/azure-oauth-plugin/target/jenkins-for-test}
[main] INFO org.eclipse.jetty.server.ServerConnector - Started ServerConnector@64f1fd08{HTTP/1.1}{localhost:53425}
[main] INFO org.eclipse.jetty.server.Server - Started @5046ms
Sep 24, 2017 7:58:59 PM jenkins.InitReactorRunner$1 onAttained
INFO: Started initialization
Sep 24, 2017 7:59:11 PM jenkins.InitReactorRunner$1 onAttained
INFO: Listed all plugins
Sep 24, 2017 7:59:11 PM jenkins.InitReactorRunner$1 onAttained
INFO: Prepared all plugins
Sep 24, 2017 7:59:11 PM jenkins.InitReactorRunner$1 onAttained
INFO: Started all plugins
Sep 24, 2017 7:59:11 PM jenkins.InitReactorRunner$1 onAttained
INFO: Augmented all extensions
Sep 24, 2017 7:59:13 PM jenkins.InitReactorRunner$1 onAttained
INFO: Loaded all jobs
Sep 24, 2017 7:59:14 PM hudson.ExtensionFinder$GuiceFinder$FaultTolerantScope$1 error
WARNING: Failed to instantiate Key[type=org.jenkinsci.main.modules.sshd.SSHD, annotation=[none]]; skipping this component
com.google.inject.ProvisionException: Guice provision errors:

1) Error injecting constructor, java.lang.VerifyError: (class: org/bouncycastle/openssl/PEMReader$EncryptedPrivateKeyParser, method: parseObject signature: (Lorg/bouncycastle/util/io/pem/PemObject;)Ljava/lang/Object;) Incompatible argument to function
  at org.jenkinsci.main.modules.instance_identity.InstanceIdentity.<init>(InstanceIdentity.java:38)
  while locating org.jenkinsci.main.modules.instance_identity.InstanceIdentity
    for field at org.jenkinsci.main.modules.sshd.SSHD.identity(SSHD.java:33)

1 error
	at com.google.inject.internal.ProviderToInternalFactoryAdapter.get(ProviderToInternalFactoryAdapter.java:52)
	at com.google.inject.Scopes$1$1.get(Scopes.java:65)
	at hudson.ExtensionFinder$GuiceFinder$FaultTolerantScope$1.get(ExtensionFinder.java:428)
	at com.google.inject.internal.InternalFactoryToProviderAdapter.get(InternalFactoryToProviderAdapter.java:41)
	at com.google.inject.internal.SingleFieldInjector.inject(SingleFieldInjector.java:54)
	at com.google.inject.internal.MembersInjectorImpl.injectMembers(MembersInjectorImpl.java:132)
	at com.google.inject.internal.ConstructorInjector.provision(ConstructorInjector.java:117)
	at com.google.inject.internal.ConstructorInjector.construct(ConstructorInjector.java:88)
	at com.google.inject.internal.ConstructorBindingImpl$Factory.get(ConstructorBindingImpl.java:269)
	at com.google.inject.internal.ProviderToInternalFactoryAdapter$1.call(ProviderToInternalFactoryAdapter.java:46)
	at com.google.inject.internal.InjectorImpl.callInContext(InjectorImpl.java:1058)
	at com.google.inject.internal.ProviderToInternalFactoryAdapter.get(ProviderToInternalFactoryAdapter.java:40)
	at com.google.inject.Scopes$1$1.get(Scopes.java:65)
	at hudson.ExtensionFinder$GuiceFinder$FaultTolerantScope$1.get(ExtensionFinder.java:428)
	at com.google.inject.internal.InternalFactoryToProviderAdapter.get(InternalFactoryToProviderAdapter.java:41)
	at com.google.inject.internal.InjectorImpl$3$1.call(InjectorImpl.java:1005)
	at com.google.inject.internal.InjectorImpl.callInContext(InjectorImpl.java:1051)
	at com.google.inject.internal.InjectorImpl$3.get(InjectorImpl.java:1001)
	at hudson.ExtensionFinder$GuiceFinder._find(ExtensionFinder.java:390)
	at hudson.ExtensionFinder$GuiceFinder.find(ExtensionFinder.java:381)
	at hudson.ClassicPluginStrategy.findComponents(ClassicPluginStrategy.java:388)
	at hudson.ExtensionList.load(ExtensionList.java:349)
	at hudson.ExtensionList.ensureLoaded(ExtensionList.java:287)
	at hudson.ExtensionList.getComponents(ExtensionList.java:167)
	at hudson.DescriptorExtensionList.load(DescriptorExtensionList.java:185)
	at hudson.ExtensionList.ensureLoaded(ExtensionList.java:287)
	at hudson.ExtensionList.iterator(ExtensionList.java:156)
	at hudson.model.ComputerSet.<clinit>(ComputerSet.java:443)
	at sun.reflect.NativeMethodAccessorImpl.invoke0(Native Method)
	at sun.reflect.NativeMethodAccessorImpl.invoke(NativeMethodAccessorImpl.java:62)
	at sun.reflect.DelegatingMethodAccessorImpl.invoke(DelegatingMethodAccessorImpl.java:43)
	at java.lang.reflect.Method.invoke(Method.java:497)
	at hudson.init.TaskMethodFinder.invoke(TaskMethodFinder.java:106)
	at hudson.init.TaskMethodFinder$TaskImpl.run(TaskMethodFinder.java:176)
	at org.jvnet.hudson.reactor.Reactor.runTask(Reactor.java:282)
	at jenkins.model.Jenkins$7.runTask(Jenkins.java:905)
	at org.jvnet.hudson.reactor.Reactor$2.run(Reactor.java:210)
	at org.jvnet.hudson.reactor.Reactor$Node.run(Reactor.java:117)
	at java.util.concurrent.ThreadPoolExecutor.runWorker(ThreadPoolExecutor.java:1142)
	at java.util.concurrent.ThreadPoolExecutor$Worker.run(ThreadPoolExecutor.java:617)
	at java.lang.Thread.run(Thread.java:745)
Caused by: java.lang.VerifyError: (class: org/bouncycastle/openssl/PEMReader$EncryptedPrivateKeyParser, method: parseObject signature: (Lorg/bouncycastle/util/io/pem/PemObject;)Ljava/lang/Object;) Incompatible argument to function
	at org.bouncycastle.openssl.PEMReader.<init>(Unknown Source)
	at org.bouncycastle.openssl.PEMReader.<init>(Unknown Source)
	at org.jenkinsci.main.modules.instance_identity.InstanceIdentity.read(InstanceIdentity.java:78)
	at org.jenkinsci.main.modules.instance_identity.InstanceIdentity.<init>(InstanceIdentity.java:64)
	at org.jenkinsci.main.modules.instance_identity.InstanceIdentity.<init>(InstanceIdentity.java:38)
	at org.jenkinsci.main.modules.instance_identity.InstanceIdentity$$FastClassByGuice$$af33f6d9.newInstance(<generated>)
	at com.google.inject.internal.cglib.reflect.$FastConstructor.newInstance(FastConstructor.java:40)
	at com.google.inject.internal.DefaultConstructionProxyFactory$1.newInstance(DefaultConstructionProxyFactory.java:61)
	at com.google.inject.internal.ConstructorInjector.provision(ConstructorInjector.java:108)
	at com.google.inject.internal.ConstructorInjector.construct(ConstructorInjector.java:88)
	at com.google.inject.internal.ConstructorBindingImpl$Factory.get(ConstructorBindingImpl.java:269)
	at com.google.inject.internal.SingleFieldInjector.inject(SingleFieldInjector.java:54)
	at com.google.inject.internal.MembersInjectorImpl.injectMembers(MembersInjectorImpl.java:132)
	at com.google.inject.internal.ConstructorInjector.provision(ConstructorInjector.java:117)
	at com.google.inject.internal.ConstructorInjector.construct(ConstructorInjector.java:88)
	at com.google.inject.internal.ConstructorBindingImpl$Factory.get(ConstructorBindingImpl.java:269)
	at com.google.inject.internal.ProviderToInternalFactoryAdapter$1.call(ProviderToInternalFactoryAdapter.java:46)
	at com.google.inject.internal.InjectorImpl.callInContext(InjectorImpl.java:1058)
	at com.google.inject.internal.ProviderToInternalFactoryAdapter.get(ProviderToInternalFactoryAdapter.java:40)
	... 40 more

Sep 24, 2017 7:59:14 PM hudson.ExtensionFinder$GuiceFinder$FaultTolerantScope$1 error
WARNING: Failed to instantiate Key[type=org.jenkinsci.main.modules.sshd.PortAdvertiser, annotation=[none]]; skipping this component
com.google.inject.ProvisionException: Guice provision errors:

1) null returned by binding at hudson.ExtensionFinder$GuiceFinder$SezpozModule.configure(ExtensionFinder.java:514)
 but org.jenkinsci.main.modules.sshd.PortAdvertiser.sshd is not @Nullable
  while locating org.jenkinsci.main.modules.sshd.SSHD
    for field at org.jenkinsci.main.modules.sshd.PortAdvertiser.sshd(PortAdvertiser.java:18)

1 error
	at com.google.inject.internal.ProviderToInternalFactoryAdapter.get(ProviderToInternalFactoryAdapter.java:52)
	at com.google.inject.Scopes$1$1.get(Scopes.java:65)
	at hudson.ExtensionFinder$GuiceFinder$FaultTolerantScope$1.get(ExtensionFinder.java:428)
	at com.google.inject.internal.InternalFactoryToProviderAdapter.get(InternalFactoryToProviderAdapter.java:41)
	at com.google.inject.internal.InjectorImpl$3$1.call(InjectorImpl.java:1005)
	at com.google.inject.internal.InjectorImpl.callInContext(InjectorImpl.java:1051)
	at com.google.inject.internal.InjectorImpl$3.get(InjectorImpl.java:1001)
	at hudson.ExtensionFinder$GuiceFinder._find(ExtensionFinder.java:390)
	at hudson.ExtensionFinder$GuiceFinder.find(ExtensionFinder.java:381)
	at hudson.ClassicPluginStrategy.findComponents(ClassicPluginStrategy.java:388)
	at hudson.ExtensionList.load(ExtensionList.java:349)
	at hudson.ExtensionList.ensureLoaded(ExtensionList.java:287)
	at hudson.ExtensionList.getComponents(ExtensionList.java:167)
	at hudson.DescriptorExtensionList.load(DescriptorExtensionList.java:185)
	at hudson.ExtensionList.ensureLoaded(ExtensionList.java:287)
	at hudson.ExtensionList.iterator(ExtensionList.java:156)
	at hudson.model.ComputerSet.<clinit>(ComputerSet.java:443)
	at sun.reflect.NativeMethodAccessorImpl.invoke0(Native Method)
	at sun.reflect.NativeMethodAccessorImpl.invoke(NativeMethodAccessorImpl.java:62)
	at sun.reflect.DelegatingMethodAccessorImpl.invoke(DelegatingMethodAccessorImpl.java:43)
	at java.lang.reflect.Method.invoke(Method.java:497)
	at hudson.init.TaskMethodFinder.invoke(TaskMethodFinder.java:106)
	at hudson.init.TaskMethodFinder$TaskImpl.run(TaskMethodFinder.java:176)
	at org.jvnet.hudson.reactor.Reactor.runTask(Reactor.java:282)
	at jenkins.model.Jenkins$7.runTask(Jenkins.java:905)
	at org.jvnet.hudson.reactor.Reactor$2.run(Reactor.java:210)
	at org.jvnet.hudson.reactor.Reactor$Node.run(Reactor.java:117)
	at java.util.concurrent.ThreadPoolExecutor.runWorker(ThreadPoolExecutor.java:1142)
	at java.util.concurrent.ThreadPoolExecutor$Worker.run(ThreadPoolExecutor.java:617)
	at java.lang.Thread.run(Thread.java:745)

Sep 24, 2017 7:59:14 PM hudson.ExtensionFinder$GuiceFinder$FaultTolerantScope$1 error
WARNING: Failed to instantiate Key[type=org.jenkinsci.main.modules.sshd.SSHD, annotation=[none]]; skipping this component
com.google.inject.ProvisionException: Guice provision errors:

1) Error injecting constructor, java.lang.VerifyError: (class: org/bouncycastle/openssl/PEMReader$EncryptedPrivateKeyParser, method: parseObject signature: (Lorg/bouncycastle/util/io/pem/PemObject;)Ljava/lang/Object;) Incompatible argument to function
  at org.jenkinsci.main.modules.instance_identity.InstanceIdentity.<init>(InstanceIdentity.java:38)
  while locating org.jenkinsci.main.modules.instance_identity.InstanceIdentity
    for field at org.jenkinsci.main.modules.sshd.SSHD.identity(SSHD.java:33)

1 error
	at com.google.inject.internal.ProviderToInternalFactoryAdapter.get(ProviderToInternalFactoryAdapter.java:52)
	at com.google.inject.Scopes$1$1.get(Scopes.java:65)
	at hudson.ExtensionFinder$GuiceFinder$FaultTolerantScope$1.get(ExtensionFinder.java:428)
	at com.google.inject.internal.InternalFactoryToProviderAdapter.get(InternalFactoryToProviderAdapter.java:41)
	at com.google.inject.internal.InjectorImpl$3$1.call(InjectorImpl.java:1005)
	at com.google.inject.internal.InjectorImpl.callInContext(InjectorImpl.java:1051)
	at com.google.inject.internal.InjectorImpl$3.get(InjectorImpl.java:1001)
	at hudson.ExtensionFinder$GuiceFinder._find(ExtensionFinder.java:390)
	at hudson.ExtensionFinder$GuiceFinder.find(ExtensionFinder.java:381)
	at hudson.ClassicPluginStrategy.findComponents(ClassicPluginStrategy.java:388)
	at hudson.ExtensionList.load(ExtensionList.java:349)
	at hudson.ExtensionList.ensureLoaded(ExtensionList.java:287)
	at hudson.ExtensionList.getComponents(ExtensionList.java:167)
	at hudson.DescriptorExtensionList.load(DescriptorExtensionList.java:185)
	at hudson.ExtensionList.ensureLoaded(ExtensionList.java:287)
	at hudson.ExtensionList.iterator(ExtensionList.java:156)
	at hudson.model.ComputerSet.<clinit>(ComputerSet.java:443)
	at sun.reflect.NativeMethodAccessorImpl.invoke0(Native Method)
	at sun.reflect.NativeMethodAccessorImpl.invoke(NativeMethodAccessorImpl.java:62)
	at sun.reflect.DelegatingMethodAccessorImpl.invoke(DelegatingMethodAccessorImpl.java:43)
	at java.lang.reflect.Method.invoke(Method.java:497)
	at hudson.init.TaskMethodFinder.invoke(TaskMethodFinder.java:106)
	at hudson.init.TaskMethodFinder$TaskImpl.run(TaskMethodFinder.java:176)
	at org.jvnet.hudson.reactor.Reactor.runTask(Reactor.java:282)
	at jenkins.model.Jenkins$7.runTask(Jenkins.java:905)
	at org.jvnet.hudson.reactor.Reactor$2.run(Reactor.java:210)
	at org.jvnet.hudson.reactor.Reactor$Node.run(Reactor.java:117)
	at java.util.concurrent.ThreadPoolExecutor.runWorker(ThreadPoolExecutor.java:1142)
	at java.util.concurrent.ThreadPoolExecutor$Worker.run(ThreadPoolExecutor.java:617)
	at java.lang.Thread.run(Thread.java:745)
Caused by: java.lang.VerifyError: (class: org/bouncycastle/openssl/PEMReader$EncryptedPrivateKeyParser, method: parseObject signature: (Lorg/bouncycastle/util/io/pem/PemObject;)Ljava/lang/Object;) Incompatible argument to function
	at org.bouncycastle.openssl.PEMReader.<init>(Unknown Source)
	at org.bouncycastle.openssl.PEMReader.<init>(Unknown Source)
	at org.jenkinsci.main.modules.instance_identity.InstanceIdentity.read(InstanceIdentity.java:78)
	at org.jenkinsci.main.modules.instance_identity.InstanceIdentity.<init>(InstanceIdentity.java:64)
	at org.jenkinsci.main.modules.instance_identity.InstanceIdentity.<init>(InstanceIdentity.java:38)
	at org.jenkinsci.main.modules.instance_identity.InstanceIdentity$$FastClassByGuice$$af33f6d9.newInstance(<generated>)
	at com.google.inject.internal.cglib.reflect.$FastConstructor.newInstance(FastConstructor.java:40)
	at com.google.inject.internal.DefaultConstructionProxyFactory$1.newInstance(DefaultConstructionProxyFactory.java:61)
	at com.google.inject.internal.ConstructorInjector.provision(ConstructorInjector.java:108)
	at com.google.inject.internal.ConstructorInjector.construct(ConstructorInjector.java:88)
	at com.google.inject.internal.ConstructorBindingImpl$Factory.get(ConstructorBindingImpl.java:269)
	at com.google.inject.internal.SingleFieldInjector.inject(SingleFieldInjector.java:54)
	at com.google.inject.internal.MembersInjectorImpl.injectMembers(MembersInjectorImpl.java:132)
	at com.google.inject.internal.ConstructorInjector.provision(ConstructorInjector.java:117)
	at com.google.inject.internal.ConstructorInjector.construct(ConstructorInjector.java:88)
	at com.google.inject.internal.ConstructorBindingImpl$Factory.get(ConstructorBindingImpl.java:269)
	at com.google.inject.internal.ProviderToInternalFactoryAdapter$1.call(ProviderToInternalFactoryAdapter.java:46)
	at com.google.inject.internal.InjectorImpl.callInContext(InjectorImpl.java:1058)
	at com.google.inject.internal.ProviderToInternalFactoryAdapter.get(ProviderToInternalFactoryAdapter.java:40)
	... 29 more

Sep 24, 2017 7:59:15 PM hudson.ExtensionFinder$GuiceFinder$FaultTolerantScope$1 error
WARNING: Failed to instantiate Key[type=org.jenkinsci.main.modules.sshd.SSHD, annotation=[none]]; skipping this component
com.google.inject.ProvisionException: Guice provision errors:

1) Error injecting constructor, java.lang.VerifyError: (class: org/bouncycastle/openssl/PEMReader$EncryptedPrivateKeyParser, method: parseObject signature: (Lorg/bouncycastle/util/io/pem/PemObject;)Ljava/lang/Object;) Incompatible argument to function
  at org.jenkinsci.main.modules.instance_identity.InstanceIdentity.<init>(InstanceIdentity.java:38)
  while locating org.jenkinsci.main.modules.instance_identity.InstanceIdentity
    for field at org.jenkinsci.main.modules.sshd.SSHD.identity(SSHD.java:33)

1 error
	at com.google.inject.internal.ProviderToInternalFactoryAdapter.get(ProviderToInternalFactoryAdapter.java:52)
	at com.google.inject.Scopes$1$1.get(Scopes.java:65)
	at hudson.ExtensionFinder$GuiceFinder$FaultTolerantScope$1.get(ExtensionFinder.java:428)
	at com.google.inject.internal.InternalFactoryToProviderAdapter.get(InternalFactoryToProviderAdapter.java:41)
	at com.google.inject.internal.InjectorImpl$3$1.call(InjectorImpl.java:1005)
	at com.google.inject.internal.InjectorImpl.callInContext(InjectorImpl.java:1051)
	at com.google.inject.internal.InjectorImpl$3.get(InjectorImpl.java:1001)
	at hudson.ExtensionFinder$GuiceFinder._find(ExtensionFinder.java:390)
	at hudson.ExtensionFinder$GuiceFinder.find(ExtensionFinder.java:381)
	at hudson.ClassicPluginStrategy.findComponents(ClassicPluginStrategy.java:388)
	at hudson.ExtensionList.load(ExtensionList.java:349)
	at hudson.ExtensionList.ensureLoaded(ExtensionList.java:287)
	at hudson.ExtensionList.iterator(ExtensionList.java:156)
	at hudson.ExtensionList.get(ExtensionList.java:147)
	at org.jenkinsci.main.modules.sshd.SSHD.get(SSHD.java:141)
	at org.jenkinsci.main.modules.sshd.SSHD.init(SSHD.java:146)
	at sun.reflect.NativeMethodAccessorImpl.invoke0(Native Method)
	at sun.reflect.NativeMethodAccessorImpl.invoke(NativeMethodAccessorImpl.java:62)
	at sun.reflect.DelegatingMethodAccessorImpl.invoke(DelegatingMethodAccessorImpl.java:43)
	at java.lang.reflect.Method.invoke(Method.java:497)
	at hudson.init.TaskMethodFinder.invoke(TaskMethodFinder.java:106)
	at hudson.init.TaskMethodFinder$TaskImpl.run(TaskMethodFinder.java:176)
	at org.jvnet.hudson.reactor.Reactor.runTask(Reactor.java:282)
	at jenkins.model.Jenkins$7.runTask(Jenkins.java:905)
	at org.jvnet.hudson.reactor.Reactor$2.run(Reactor.java:210)
	at org.jvnet.hudson.reactor.Reactor$Node.run(Reactor.java:117)
	at java.util.concurrent.ThreadPoolExecutor.runWorker(ThreadPoolExecutor.java:1142)
	at java.util.concurrent.ThreadPoolExecutor$Worker.run(ThreadPoolExecutor.java:617)
	at java.lang.Thread.run(Thread.java:745)
Caused by: java.lang.VerifyError: (class: org/bouncycastle/openssl/PEMReader$EncryptedPrivateKeyParser, method: parseObject signature: (Lorg/bouncycastle/util/io/pem/PemObject;)Ljava/lang/Object;) Incompatible argument to function
	at org.bouncycastle.openssl.PEMReader.<init>(Unknown Source)
	at org.bouncycastle.openssl.PEMReader.<init>(Unknown Source)
	at org.jenkinsci.main.modules.instance_identity.InstanceIdentity.read(InstanceIdentity.java:78)
	at org.jenkinsci.main.modules.instance_identity.InstanceIdentity.<init>(InstanceIdentity.java:64)
	at org.jenkinsci.main.modules.instance_identity.InstanceIdentity.<init>(InstanceIdentity.java:38)
	at org.jenkinsci.main.modules.instance_identity.InstanceIdentity$$FastClassByGuice$$af33f6d9.newInstance(<generated>)
	at com.google.inject.internal.cglib.reflect.$FastConstructor.newInstance(FastConstructor.java:40)
	at com.google.inject.internal.DefaultConstructionProxyFactory$1.newInstance(DefaultConstructionProxyFactory.java:61)
	at com.google.inject.internal.ConstructorInjector.provision(ConstructorInjector.java:108)
	at com.google.inject.internal.ConstructorInjector.construct(ConstructorInjector.java:88)
	at com.google.inject.internal.ConstructorBindingImpl$Factory.get(ConstructorBindingImpl.java:269)
	at com.google.inject.internal.SingleFieldInjector.inject(SingleFieldInjector.java:54)
	at com.google.inject.internal.MembersInjectorImpl.injectMembers(MembersInjectorImpl.java:132)
	at com.google.inject.internal.ConstructorInjector.provision(ConstructorInjector.java:117)
	at com.google.inject.internal.ConstructorInjector.construct(ConstructorInjector.java:88)
	at com.google.inject.internal.ConstructorBindingImpl$Factory.get(ConstructorBindingImpl.java:269)
	at com.google.inject.internal.ProviderToInternalFactoryAdapter$1.call(ProviderToInternalFactoryAdapter.java:46)
	at com.google.inject.internal.InjectorImpl.callInContext(InjectorImpl.java:1058)
	at com.google.inject.internal.ProviderToInternalFactoryAdapter.get(ProviderToInternalFactoryAdapter.java:40)
	... 28 more

Sep 24, 2017 7:59:15 PM jenkins.InitReactorRunner$1 onTaskFailed
SEVERE: Failed SSHD.init
java.lang.Error: java.lang.reflect.InvocationTargetException
	at hudson.init.TaskMethodFinder.invoke(TaskMethodFinder.java:110)
	at hudson.init.TaskMethodFinder$TaskImpl.run(TaskMethodFinder.java:176)
	at org.jvnet.hudson.reactor.Reactor.runTask(Reactor.java:282)
	at jenkins.model.Jenkins$7.runTask(Jenkins.java:905)
	at org.jvnet.hudson.reactor.Reactor$2.run(Reactor.java:210)
	at org.jvnet.hudson.reactor.Reactor$Node.run(Reactor.java:117)
	at java.util.concurrent.ThreadPoolExecutor.runWorker(ThreadPoolExecutor.java:1142)
	at java.util.concurrent.ThreadPoolExecutor$Worker.run(ThreadPoolExecutor.java:617)
	at java.lang.Thread.run(Thread.java:745)
Caused by: java.lang.reflect.InvocationTargetException
	at sun.reflect.NativeMethodAccessorImpl.invoke0(Native Method)
	at sun.reflect.NativeMethodAccessorImpl.invoke(NativeMethodAccessorImpl.java:62)
	at sun.reflect.DelegatingMethodAccessorImpl.invoke(DelegatingMethodAccessorImpl.java:43)
	at java.lang.reflect.Method.invoke(Method.java:497)
	at hudson.init.TaskMethodFinder.invoke(TaskMethodFinder.java:106)
	... 8 more
Caused by: java.lang.NullPointerException
	at org.jenkinsci.main.modules.sshd.SSHD.init(SSHD.java:146)
	... 13 more

Sep 24, 2017 7:59:15 PM jenkins.InitReactorRunner$1 onAttained
INFO: Completed initialization
Sep 24, 2017 7:59:15 PM hudson.UDPBroadcastThread run
WARNING: UDP handling problem
java.net.SocketException: Can't assign requested address
	at java.net.PlainDatagramSocketImpl.join(Native Method)
	at java.net.AbstractPlainDatagramSocketImpl.join(AbstractPlainDatagramSocketImpl.java:179)
	at java.net.MulticastSocket.joinGroup(MulticastSocket.java:323)
	at hudson.UDPBroadcastThread.run(UDPBroadcastThread.java:77)

Sep 24, 2017 7:59:15 PM hudson.ExtensionFinder$GuiceFinder$FaultTolerantScope$1 error
WARNING: Failed to instantiate Key[type=org.jenkinsci.main.modules.sshd.SSHD, annotation=[none]]; skipping this component
com.google.inject.ProvisionException: Guice provision errors:

1) Error injecting constructor, java.lang.VerifyError: (class: org/bouncycastle/openssl/PEMReader$EncryptedPrivateKeyParser, method: parseObject signature: (Lorg/bouncycastle/util/io/pem/PemObject;)Ljava/lang/Object;) Incompatible argument to function
  at org.jenkinsci.main.modules.instance_identity.InstanceIdentity.<init>(InstanceIdentity.java:38)
  while locating org.jenkinsci.main.modules.instance_identity.InstanceIdentity
    for field at org.jenkinsci.main.modules.sshd.SSHD.identity(SSHD.java:33)

1 error
	at com.google.inject.internal.ProviderToInternalFactoryAdapter.get(ProviderToInternalFactoryAdapter.java:52)
	at com.google.inject.Scopes$1$1.get(Scopes.java:65)
	at hudson.ExtensionFinder$GuiceFinder$FaultTolerantScope$1.get(ExtensionFinder.java:428)
	at com.google.inject.internal.InternalFactoryToProviderAdapter.get(InternalFactoryToProviderAdapter.java:41)
	at com.google.inject.internal.SingleFieldInjector.inject(SingleFieldInjector.java:54)
	at com.google.inject.internal.MembersInjectorImpl.injectMembers(MembersInjectorImpl.java:132)
	at com.google.inject.internal.ConstructorInjector.provision(ConstructorInjector.java:117)
	at com.google.inject.internal.ConstructorInjector.construct(ConstructorInjector.java:88)
	at com.google.inject.internal.ConstructorBindingImpl$Factory.get(ConstructorBindingImpl.java:269)
	at com.google.inject.internal.ProviderToInternalFactoryAdapter$1.call(ProviderToInternalFactoryAdapter.java:46)
	at com.google.inject.internal.InjectorImpl.callInContext(InjectorImpl.java:1058)
	at com.google.inject.internal.ProviderToInternalFactoryAdapter.get(ProviderToInternalFactoryAdapter.java:40)
	at com.google.inject.Scopes$1$1.get(Scopes.java:65)
	at hudson.ExtensionFinder$GuiceFinder$FaultTolerantScope$1.get(ExtensionFinder.java:428)
	at com.google.inject.internal.InternalFactoryToProviderAdapter.get(InternalFactoryToProviderAdapter.java:41)
	at com.google.inject.internal.InjectorImpl$3$1.call(InjectorImpl.java:1005)
	at com.google.inject.internal.InjectorImpl.callInContext(InjectorImpl.java:1051)
	at com.google.inject.internal.InjectorImpl$3.get(InjectorImpl.java:1001)
	at hudson.ExtensionFinder$GuiceFinder._find(ExtensionFinder.java:390)
	at hudson.ExtensionFinder$GuiceFinder.find(ExtensionFinder.java:381)
	at hudson.ClassicPluginStrategy.findComponents(ClassicPluginStrategy.java:388)
	at hudson.ExtensionList.load(ExtensionList.java:349)
	at hudson.ExtensionList.ensureLoaded(ExtensionList.java:287)
	at hudson.ExtensionList.iterator(ExtensionList.java:156)
	at jenkins.model.Jenkins.<init>(Jenkins.java:861)
	at hudson.model.Hudson.<init>(Hudson.java:85)
	at org.jvnet.hudson.test.HudsonTestCase.newHudson(HudsonTestCase.java:494)
	at org.jvnet.hudson.test.HudsonTestCase.setUp(HudsonTestCase.java:325)
	at org.jvnet.hudson.test.JellyTestSuiteBuilder$JellyTestSuite.setUp(JellyTestSuiteBuilder.java:143)
	at org.jvnet.hudson.test.junit.GroupedTest.run(GroupedTest.java:49)
	at junit.framework.TestSuite.runTest(TestSuite.java:252)
	at junit.framework.TestSuite.run(TestSuite.java:247)
	at org.junit.internal.runners.JUnit38ClassRunner.run(JUnit38ClassRunner.java:86)
	at org.apache.maven.surefire.junit4.JUnit4Provider.execute(JUnit4Provider.java:367)
	at org.apache.maven.surefire.junit4.JUnit4Provider.executeWithRerun(JUnit4Provider.java:274)
	at org.apache.maven.surefire.junit4.JUnit4Provider.executeTestSet(JUnit4Provider.java:238)
	at org.apache.maven.surefire.junit4.JUnit4Provider.invoke(JUnit4Provider.java:161)
	at org.apache.maven.surefire.booter.ForkedBooter.invokeProviderInSameClassLoader(ForkedBooter.java:290)
	at org.apache.maven.surefire.booter.ForkedBooter.runSuitesInProcess(ForkedBooter.java:242)
	at org.apache.maven.surefire.booter.ForkedBooter.main(ForkedBooter.java:121)
Caused by: java.lang.VerifyError: (class: org/bouncycastle/openssl/PEMReader$EncryptedPrivateKeyParser, method: parseObject signature: (Lorg/bouncycastle/util/io/pem/PemObject;)Ljava/lang/Object;) Incompatible argument to function
	at org.bouncycastle.openssl.PEMReader.<init>(Unknown Source)
	at org.bouncycastle.openssl.PEMReader.<init>(Unknown Source)
	at org.jenkinsci.main.modules.instance_identity.InstanceIdentity.read(InstanceIdentity.java:78)
	at org.jenkinsci.main.modules.instance_identity.InstanceIdentity.<init>(InstanceIdentity.java:64)
	at org.jenkinsci.main.modules.instance_identity.InstanceIdentity.<init>(InstanceIdentity.java:38)
	at org.jenkinsci.main.modules.instance_identity.InstanceIdentity$$FastClassByGuice$$af33f6d9.newInstance(<generated>)
	at com.google.inject.internal.cglib.reflect.$FastConstructor.newInstance(FastConstructor.java:40)
	at com.google.inject.internal.DefaultConstructionProxyFactory$1.newInstance(DefaultConstructionProxyFactory.java:61)
	at com.google.inject.internal.ConstructorInjector.provision(ConstructorInjector.java:108)
	at com.google.inject.internal.ConstructorInjector.construct(ConstructorInjector.java:88)
	at com.google.inject.internal.ConstructorBindingImpl$Factory.get(ConstructorBindingImpl.java:269)
	at com.google.inject.internal.SingleFieldInjector.inject(SingleFieldInjector.java:54)
	at com.google.inject.internal.MembersInjectorImpl.injectMembers(MembersInjectorImpl.java:132)
	at com.google.inject.internal.ConstructorInjector.provision(ConstructorInjector.java:117)
	at com.google.inject.internal.ConstructorInjector.construct(ConstructorInjector.java:88)
	at com.google.inject.internal.ConstructorBindingImpl$Factory.get(ConstructorBindingImpl.java:269)
	at com.google.inject.internal.ProviderToInternalFactoryAdapter$1.call(ProviderToInternalFactoryAdapter.java:46)
	at com.google.inject.internal.InjectorImpl.callInContext(InjectorImpl.java:1058)
	at com.google.inject.internal.ProviderToInternalFactoryAdapter.get(ProviderToInternalFactoryAdapter.java:40)
	... 39 more

Sep 24, 2017 7:59:15 PM hudson.ExtensionFinder$GuiceFinder$FaultTolerantScope$1 error
WARNING: Failed to instantiate Key[type=org.jenkinsci.main.modules.sshd.ItemListenerImpl, annotation=[none]]; skipping this component
com.google.inject.ProvisionException: Guice provision errors:

1) null returned by binding at hudson.ExtensionFinder$GuiceFinder$SezpozModule.configure(ExtensionFinder.java:514)
 but org.jenkinsci.main.modules.sshd.ItemListenerImpl.sshd is not @Nullable
  while locating org.jenkinsci.main.modules.sshd.SSHD
    for field at org.jenkinsci.main.modules.sshd.ItemListenerImpl.sshd(ItemListenerImpl.java:14)

1 error
	at com.google.inject.internal.ProviderToInternalFactoryAdapter.get(ProviderToInternalFactoryAdapter.java:52)
	at com.google.inject.Scopes$1$1.get(Scopes.java:65)
	at hudson.ExtensionFinder$GuiceFinder$FaultTolerantScope$1.get(ExtensionFinder.java:428)
	at com.google.inject.internal.InternalFactoryToProviderAdapter.get(InternalFactoryToProviderAdapter.java:41)
	at com.google.inject.internal.InjectorImpl$3$1.call(InjectorImpl.java:1005)
	at com.google.inject.internal.InjectorImpl.callInContext(InjectorImpl.java:1051)
	at com.google.inject.internal.InjectorImpl$3.get(InjectorImpl.java:1001)
	at hudson.ExtensionFinder$GuiceFinder._find(ExtensionFinder.java:390)
	at hudson.ExtensionFinder$GuiceFinder.find(ExtensionFinder.java:381)
	at hudson.ClassicPluginStrategy.findComponents(ClassicPluginStrategy.java:388)
	at hudson.ExtensionList.load(ExtensionList.java:349)
	at hudson.ExtensionList.ensureLoaded(ExtensionList.java:287)
	at hudson.ExtensionList.iterator(ExtensionList.java:156)
	at jenkins.model.Jenkins.<init>(Jenkins.java:861)
	at hudson.model.Hudson.<init>(Hudson.java:85)
	at org.jvnet.hudson.test.HudsonTestCase.newHudson(HudsonTestCase.java:494)
	at org.jvnet.hudson.test.HudsonTestCase.setUp(HudsonTestCase.java:325)
	at org.jvnet.hudson.test.JellyTestSuiteBuilder$JellyTestSuite.setUp(JellyTestSuiteBuilder.java:143)
	at org.jvnet.hudson.test.junit.GroupedTest.run(GroupedTest.java:49)
	at junit.framework.TestSuite.runTest(TestSuite.java:252)
	at junit.framework.TestSuite.run(TestSuite.java:247)
	at org.junit.internal.runners.JUnit38ClassRunner.run(JUnit38ClassRunner.java:86)
	at org.apache.maven.surefire.junit4.JUnit4Provider.execute(JUnit4Provider.java:367)
	at org.apache.maven.surefire.junit4.JUnit4Provider.executeWithRerun(JUnit4Provider.java:274)
	at org.apache.maven.surefire.junit4.JUnit4Provider.executeTestSet(JUnit4Provider.java:238)
	at org.apache.maven.surefire.junit4.JUnit4Provider.invoke(JUnit4Provider.java:161)
	at org.apache.maven.surefire.booter.ForkedBooter.invokeProviderInSameClassLoader(ForkedBooter.java:290)
	at org.apache.maven.surefire.booter.ForkedBooter.runSuitesInProcess(ForkedBooter.java:242)
	at org.apache.maven.surefire.booter.ForkedBooter.main(ForkedBooter.java:121)

[main] INFO org.eclipse.jetty.server.Server - jetty-9.2.15.v20160210
[main] INFO org.eclipse.jetty.server.handler.ContextHandler - Started o.e.j.s.ServletContextHandler@2a4f5433{/,null,AVAILABLE}
[main] INFO org.eclipse.jetty.server.ServerConnector - Started ServerConnector@68868328{HTTP/1.1}{0.0.0.0:53471}
[main] INFO org.eclipse.jetty.server.Server - Started @21233ms
[main] INFO org.eclipse.jetty.server.ServerConnector - Stopped ServerConnector@64f1fd08{HTTP/1.1}{localhost:0}
[main] INFO org.eclipse.jetty.server.handler.ContextHandler - Stopped o.e.j.w.WebAppContext@6631cb64{/,file:/Users/albertxavier/workspace/azure-oauth-plugin/target/jenkins-for-test/,UNAVAILABLE}{/Users/albertxavier/workspace/azure-oauth-plugin/target/jenkins-for-test}
Sep 24, 2017 7:59:19 PM hudson.TcpSlaveAgentListener shutdown
WARNING: Failed to close down TCP port
java.io.IOException: No such file or directory
	at sun.nio.ch.NativeThread.signal(Native Method)
	at sun.nio.ch.ServerSocketChannelImpl.implCloseSelectableChannel(ServerSocketChannelImpl.java:292)
	at java.nio.channels.spi.AbstractSelectableChannel.implCloseChannel(AbstractSelectableChannel.java:234)
	at java.nio.channels.spi.AbstractInterruptibleChannel.close(AbstractInterruptibleChannel.java:115)
	at hudson.TcpSlaveAgentListener.shutdown(TcpSlaveAgentListener.java:119)
	at jenkins.model.Jenkins.cleanUp(Jenkins.java:2820)
	at org.jvnet.hudson.test.HudsonTestCase.tearDown(HudsonTestCase.java:422)
	at org.jvnet.hudson.test.JellyTestSuiteBuilder$JellyTestSuite.tearDown(JellyTestSuiteBuilder.java:148)
	at org.jvnet.hudson.test.junit.GroupedTest.run(GroupedTest.java:53)
	at junit.framework.TestSuite.runTest(TestSuite.java:252)
	at junit.framework.TestSuite.run(TestSuite.java:247)
	at org.junit.internal.runners.JUnit38ClassRunner.run(JUnit38ClassRunner.java:86)
	at org.apache.maven.surefire.junit4.JUnit4Provider.execute(JUnit4Provider.java:367)
	at org.apache.maven.surefire.junit4.JUnit4Provider.executeWithRerun(JUnit4Provider.java:274)
	at org.apache.maven.surefire.junit4.JUnit4Provider.executeTestSet(JUnit4Provider.java:238)
	at org.apache.maven.surefire.junit4.JUnit4Provider.invoke(JUnit4Provider.java:161)
	at org.apache.maven.surefire.booter.ForkedBooter.invokeProviderInSameClassLoader(ForkedBooter.java:290)
	at org.apache.maven.surefire.booter.ForkedBooter.runSuitesInProcess(ForkedBooter.java:242)
	at org.apache.maven.surefire.booter.ForkedBooter.main(ForkedBooter.java:121)

WARN: The method class org.apache.commons.logging.impl.SLF4JLogFactory#release() was invoked.
WARN: Please see http://www.slf4j.org/codes.html#release for an explanation.
